<?xml version="1.0" encoding="UTF-8"?>
<!-- Generated by org.testng.reporters.JUnitReportReporter -->
<testsuite hostname="AIPL102" failures="0" tests="1" name="sample.Version" time="0.861" errors="0" timestamp="2023-09-30T10:48:01 IST" skipped="0">
  <testcase classname="sample.Version" name="testLogin" time="0.861"/>
</testsuite> <!-- sample.Version -->
